
> tanlov-ai-frontend@0.1.0 dev
> vite


  VITE v4.5.14  ready in 178 ms

  ➜  Local:   http://localhost:5175/
  ➜  Network: http://10.10.15.126:5175/
  ➜  Network: http://192.168.200.232:5175/
  ➜  Network: http://172.18.0.1:5175/
2:46:12 PM [vite] hmr update /src/App.tsx, /src/index.css
2:46:30 PM [vite] page reload src/main.tsx
2:46:48 PM [vite] hmr update /src/components/Layout.tsx, /src/index.css
2:46:55 PM [vite] hmr update /src/components/Layout.tsx, /src/index.css
2:47:03 PM [vite] hmr update /src/components/Layout.tsx, /src/index.css
2:47:21 PM [vite] hmr update /src/App.tsx, /src/index.css
2:47:21 PM [vite] hmr update /src/components/Layout.tsx, /src/index.css
2:47:21 PM [vite] page reload src/main.tsx
2:47:21 PM [vite] hmr update /src/context/AuthContext.tsx, /src/index.css
2:47:21 PM [vite] hmr update /src/pages/Login.tsx, /src/index.css
2:47:21 PM [vite] hmr invalidate /src/context/AuthContext.tsx Could not Fast Refresh ("useAuth" export is incompatible). Learn more at https://github.com/vitejs/vite-plugin-react/tree/main/packages/plugin-react#consistent-components-exports
2:47:21 PM [vite] page reload src/context/AuthContext.tsx
2:55:09 PM [vite] hmr update /src/pages/Settings.tsx, /src/index.css
2:55:47 PM [vite] hmr update /src/context/ThemeContext.tsx, /src/index.css
2:55:47 PM [vite] hmr invalidate /src/context/ThemeContext.tsx Could not Fast Refresh ("default" export is incompatible). Learn more at https://github.com/vitejs/vite-plugin-react/tree/main/packages/plugin-react#consistent-components-exports
2:55:47 PM [vite] page reload src/context/ThemeContext.tsx
2:55:47 PM [vite] hmr invalidate /src/context/ThemeContext.tsx Could not Fast Refresh ("default" export is incompatible). Learn more at https://github.com/vitejs/vite-plugin-react/tree/main/packages/plugin-react#consistent-components-exports
2:55:47 PM [vite] page reload src/context/ThemeContext.tsx
2:56:05 PM [vite] hmr update /src/context/ThemeContext.tsx, /src/index.css
2:56:05 PM [vite] hmr invalidate /src/context/ThemeContext.tsx Could not Fast Refresh ("default" export is incompatible). Learn more at https://github.com/vitejs/vite-plugin-react/tree/main/packages/plugin-react#consistent-components-exports
2:56:05 PM [vite] page reload src/context/ThemeContext.tsx
2:56:05 PM [vite] hmr invalidate /src/context/ThemeContext.tsx Could not Fast Refresh ("default" export is incompatible). Learn more at https://github.com/vitejs/vite-plugin-react/tree/main/packages/plugin-react#consistent-components-exports
2:56:05 PM [vite] page reload src/context/ThemeContext.tsx
2:56:15 PM [vite] hmr update /src/context/ThemeContext.tsx, /src/index.css
2:56:15 PM [vite] hmr invalidate /src/context/ThemeContext.tsx Could not Fast Refresh ("default" export is incompatible). Learn more at https://github.com/vitejs/vite-plugin-react/tree/main/packages/plugin-react#consistent-components-exports
2:56:15 PM [vite] page reload src/context/ThemeContext.tsx
2:56:15 PM [vite] hmr invalidate /src/context/ThemeContext.tsx Could not Fast Refresh ("default" export is incompatible). Learn more at https://github.com/vitejs/vite-plugin-react/tree/main/packages/plugin-react#consistent-components-exports
2:56:15 PM [vite] page reload src/context/ThemeContext.tsx
2:57:29 PM [vite] page reload src/pages/Dashboard.tsx
2:57:54 PM [vite] hmr update /src/context/ThemeContext.tsx, /src/index.css
2:57:54 PM [vite] hmr invalidate /src/context/ThemeContext.tsx Could not Fast Refresh ("default" export is incompatible). Learn more at https://github.com/vitejs/vite-plugin-react/tree/main/packages/plugin-react#consistent-components-exports
2:57:54 PM [vite] page reload src/context/ThemeContext.tsx
2:57:54 PM [vite] hmr invalidate /src/context/ThemeContext.tsx Could not Fast Refresh ("default" export is incompatible). Learn more at https://github.com/vitejs/vite-plugin-react/tree/main/packages/plugin-react#consistent-components-exports
2:57:54 PM [vite] page reload src/context/ThemeContext.tsx
2:58:04 PM [vite] hmr update /src/context/ThemeContext.tsx, /src/index.css
2:58:04 PM [vite] hmr invalidate /src/context/ThemeContext.tsx Could not Fast Refresh ("default" export is incompatible). Learn more at https://github.com/vitejs/vite-plugin-react/tree/main/packages/plugin-react#consistent-components-exports
2:58:04 PM [vite] page reload src/context/ThemeContext.tsx
2:58:04 PM [vite] hmr invalidate /src/context/ThemeContext.tsx Could not Fast Refresh ("default" export is incompatible). Learn more at https://github.com/vitejs/vite-plugin-react/tree/main/packages/plugin-react#consistent-components-exports
2:58:04 PM [vite] page reload src/context/ThemeContext.tsx
2:59:53 PM [vite] hmr update /src/context/ThemeContext.tsx, /src/index.css
2:59:53 PM [vite] hmr invalidate /src/context/ThemeContext.tsx Could not Fast Refresh ("default" export is incompatible). Learn more at https://github.com/vitejs/vite-plugin-react/tree/main/packages/plugin-react#consistent-components-exports
2:59:53 PM [vite] page reload src/context/ThemeContext.tsx
2:59:53 PM [vite] hmr invalidate /src/context/ThemeContext.tsx Could not Fast Refresh ("default" export is incompatible). Learn more at https://github.com/vitejs/vite-plugin-react/tree/main/packages/plugin-react#consistent-components-exports
2:59:53 PM [vite] page reload src/context/ThemeContext.tsx
3:00:40 PM [vite] hmr update /src/context/ThemeContext.tsx, /src/index.css
3:00:40 PM [vite] hmr invalidate /src/context/ThemeContext.tsx Could not Fast Refresh ("default" export is incompatible). Learn more at https://github.com/vitejs/vite-plugin-react/tree/main/packages/plugin-react#consistent-components-exports
3:00:40 PM [vite] page reload src/context/ThemeContext.tsx
3:00:40 PM [vite] hmr invalidate /src/context/ThemeContext.tsx Could not Fast Refresh ("default" export is incompatible). Learn more at https://github.com/vitejs/vite-plugin-react/tree/main/packages/plugin-react#consistent-components-exports
3:00:40 PM [vite] page reload src/context/ThemeContext.tsx
3:04:55 PM [vite] hmr update /src/context/ThemeContext.tsx, /src/index.css
3:04:55 PM [vite] hmr invalidate /src/context/ThemeContext.tsx Could not Fast Refresh ("default" export is incompatible). Learn more at https://github.com/vitejs/vite-plugin-react/tree/main/packages/plugin-react#consistent-components-exports
3:04:55 PM [vite] page reload src/context/ThemeContext.tsx
3:04:55 PM [vite] hmr invalidate /src/context/ThemeContext.tsx Could not Fast Refresh ("default" export is incompatible). Learn more at https://github.com/vitejs/vite-plugin-react/tree/main/packages/plugin-react#consistent-components-exports
3:04:55 PM [vite] page reload src/context/ThemeContext.tsx
3:04:59 PM [vite] hmr update /src/context/ThemeContext.tsx, /src/index.css
3:04:59 PM [vite] hmr invalidate /src/context/ThemeContext.tsx Could not Fast Refresh ("default" export is incompatible). Learn more at https://github.com/vitejs/vite-plugin-react/tree/main/packages/plugin-react#consistent-components-exports
3:04:59 PM [vite] page reload src/context/ThemeContext.tsx
3:04:59 PM [vite] hmr invalidate /src/context/ThemeContext.tsx Could not Fast Refresh ("default" export is incompatible). Learn more at https://github.com/vitejs/vite-plugin-react/tree/main/packages/plugin-react#consistent-components-exports
3:04:59 PM [vite] page reload src/context/ThemeContext.tsx
3:06:29 PM [vite] hmr update /src/context/ThemeContext.tsx, /src/index.css
3:06:29 PM [vite] hmr invalidate /src/context/ThemeContext.tsx Could not Fast Refresh ("default" export is incompatible). Learn more at https://github.com/vitejs/vite-plugin-react/tree/main/packages/plugin-react#consistent-components-exports
3:06:29 PM [vite] page reload src/context/ThemeContext.tsx
3:06:29 PM [vite] hmr invalidate /src/context/ThemeContext.tsx Could not Fast Refresh ("default" export is incompatible). Learn more at https://github.com/vitejs/vite-plugin-react/tree/main/packages/plugin-react#consistent-components-exports
3:06:29 PM [vite] page reload src/context/ThemeContext.tsx
3:06:30 PM [vite] hmr update /src/context/ThemeContext.tsx, /src/index.css
3:06:30 PM [vite] hmr invalidate /src/context/ThemeContext.tsx Could not Fast Refresh ("default" export is incompatible). Learn more at https://github.com/vitejs/vite-plugin-react/tree/main/packages/plugin-react#consistent-components-exports
3:06:30 PM [vite] page reload src/context/ThemeContext.tsx
3:06:30 PM [vite] hmr invalidate /src/context/ThemeContext.tsx Could not Fast Refresh ("default" export is incompatible). Learn more at https://github.com/vitejs/vite-plugin-react/tree/main/packages/plugin-react#consistent-components-exports
3:06:30 PM [vite] page reload src/context/ThemeContext.tsx
3:08:26 PM [vite] hmr update /src/pages/AntiFraud.tsx, /src/index.css
3:08:31 PM [vite] hmr update /src/pages/AntiFraud.tsx, /src/index.css
3:08:32 PM [vite] hmr update /src/pages/AntiFraud.tsx, /src/index.css
3:08:44 PM [vite] hmr update /src/pages/AntiFraud.tsx, /src/index.css
3:08:46 PM [vite] hmr update /src/pages/AntiFraud.tsx, /src/index.css
3:08:54 PM [vite] hmr update /src/pages/AntiFraud.tsx, /src/index.css
3:08:56 PM [vite] hmr update /src/pages/AntiFraud.tsx, /src/index.css
3:09:20 PM [vite] hmr update /src/pages/AntiFraud.tsx, /src/index.css
3:09:23 PM [vite] hmr update /src/pages/AntiFraud.tsx, /src/index.css
3:10:54 PM [vite] hmr update /src/pages/AntiFraud.tsx, /src/index.css
3:11:48 PM [vite] hmr update /src/pages/AntiFraud.tsx, /src/index.css
3:12:51 PM [vite] hmr update /src/pages/AntiFraud.tsx, /src/index.css
3:13:07 PM [vite] hmr update /src/pages/AntiFraud.tsx, /src/index.css
3:13:13 PM [vite] hmr update /src/pages/AntiFraud.tsx, /src/index.css
3:18:39 PM [vite] hmr update /src/pages/DashboardSimple.tsx, /src/index.css
3:19:32 PM [vite] hmr update /src/pages/Settings.tsx, /src/index.css
3:19:44 PM [vite] hmr update /src/components/Layout.tsx, /src/index.css
3:19:52 PM [vite] hmr update /src/pages/Settings.tsx, /src/index.css
3:20:10 PM [vite] hmr update /src/components/Layout.tsx, /src/index.css
3:20:13 PM [vite] hmr update /src/components/Layout.tsx, /src/index.css
3:20:13 PM [vite] hmr update /src/pages/Settings.tsx, /src/index.css
3:20:13 PM [vite] hmr update /src/pages/DashboardSimple.tsx, /src/index.css
3:31:18 PM [vite] hmr update /src/context/ThemeContext.tsx, /src/index.css
3:31:18 PM [vite] warning: Duplicate key "risk.low" in object literal
232|  
233|      // Risk levels
234|      'risk.low': 'Past xavf',
   |      ^
235|      'risk.medium': 'O\'rta xavf',
236|      'risk.high': 'Yuqori xavf',

  Plugin: vite:esbuild
  File: /home/rasulbek/muslim-projects/tanlov-ai/frontend/src/context/ThemeContext.tsx
3:31:18 PM [vite] warning: Duplicate key "risk.medium" in object literal
233|      // Risk levels
234|      'risk.low': 'Past xavf',
235|      'risk.medium': 'O\'rta xavf',
   |      ^
236|      'risk.high': 'Yuqori xavf',
237|      'risk.critical': 'Kritik xavf'

  Plugin: vite:esbuild
  File: /home/rasulbek/muslim-projects/tanlov-ai/frontend/src/context/ThemeContext.tsx
3:31:18 PM [vite] warning: Duplicate key "risk.high" in object literal
234|      'risk.low': 'Past xavf',
235|      'risk.medium': 'O\'rta xavf',
236|      'risk.high': 'Yuqori xavf',
   |      ^
237|      'risk.critical': 'Kritik xavf'
238|    },

  Plugin: vite:esbuild
  File: /home/rasulbek/muslim-projects/tanlov-ai/frontend/src/context/ThemeContext.tsx
3:31:18 PM [vite] warning: Duplicate key "risk.critical" in object literal
235|      'risk.medium': 'O\'rta xavf',
236|      'risk.high': 'Yuqori xavf',
237|      'risk.critical': 'Kritik xavf'
   |      ^
238|    },
239|    ru: {

  Plugin: vite:esbuild
  File: /home/rasulbek/muslim-projects/tanlov-ai/frontend/src/context/ThemeContext.tsx
3:31:18 PM [vite] hmr invalidate /src/context/ThemeContext.tsx Could not Fast Refresh ("default" export is incompatible). Learn more at https://github.com/vitejs/vite-plugin-react/tree/main/packages/plugin-react#consistent-components-exports
3:31:18 PM [vite] page reload src/context/ThemeContext.tsx
3:31:18 PM [vite] hmr invalidate /src/context/ThemeContext.tsx Could not Fast Refresh ("default" export is incompatible). Learn more at https://github.com/vitejs/vite-plugin-react/tree/main/packages/plugin-react#consistent-components-exports
3:31:18 PM [vite] page reload src/context/ThemeContext.tsx
3:31:23 PM [vite] hmr update /src/context/ThemeContext.tsx, /src/index.css
3:31:23 PM [vite] warning: Duplicate key "risk.low" in object literal
232|  
233|      // Risk levels
234|      'risk.low': 'Past xavf',
   |      ^
235|      'risk.medium': 'O\'rta xavf',
236|      'risk.high': 'Yuqori xavf',

  Plugin: vite:esbuild
  File: /home/rasulbek/muslim-projects/tanlov-ai/frontend/src/context/ThemeContext.tsx
3:31:23 PM [vite] warning: Duplicate key "risk.medium" in object literal
233|      // Risk levels
234|      'risk.low': 'Past xavf',
235|      'risk.medium': 'O\'rta xavf',
   |      ^
236|      'risk.high': 'Yuqori xavf',
237|      'risk.critical': 'Kritik xavf'

  Plugin: vite:esbuild
  File: /home/rasulbek/muslim-projects/tanlov-ai/frontend/src/context/ThemeContext.tsx
3:31:23 PM [vite] warning: Duplicate key "risk.high" in object literal
234|      'risk.low': 'Past xavf',
235|      'risk.medium': 'O\'rta xavf',
236|      'risk.high': 'Yuqori xavf',
   |      ^
237|      'risk.critical': 'Kritik xavf'
238|    },

  Plugin: vite:esbuild
  File: /home/rasulbek/muslim-projects/tanlov-ai/frontend/src/context/ThemeContext.tsx
3:31:23 PM [vite] warning: Duplicate key "risk.critical" in object literal
235|      'risk.medium': 'O\'rta xavf',
236|      'risk.high': 'Yuqori xavf',
237|      'risk.critical': 'Kritik xavf'
   |      ^
238|    },
239|    ru: {

  Plugin: vite:esbuild
  File: /home/rasulbek/muslim-projects/tanlov-ai/frontend/src/context/ThemeContext.tsx
3:31:23 PM [vite] hmr invalidate /src/context/ThemeContext.tsx Could not Fast Refresh ("default" export is incompatible). Learn more at https://github.com/vitejs/vite-plugin-react/tree/main/packages/plugin-react#consistent-components-exports
3:31:23 PM [vite] page reload src/context/ThemeContext.tsx
3:31:23 PM [vite] hmr invalidate /src/context/ThemeContext.tsx Could not Fast Refresh ("default" export is incompatible). Learn more at https://github.com/vitejs/vite-plugin-react/tree/main/packages/plugin-react#consistent-components-exports
3:31:23 PM [vite] page reload src/context/ThemeContext.tsx
3:32:14 PM [vite] hmr update /src/context/ThemeContext.tsx, /src/index.css
3:32:14 PM [vite] warning: Duplicate key "risk.low" in object literal
232|  
233|      // Risk levels
234|      'risk.low': 'Past xavf',
   |      ^
235|      'risk.medium': 'O\'rta xavf',
236|      'risk.high': 'Yuqori xavf',

  Plugin: vite:esbuild
  File: /home/rasulbek/muslim-projects/tanlov-ai/frontend/src/context/ThemeContext.tsx
3:32:14 PM [vite] warning: Duplicate key "risk.medium" in object literal
233|      // Risk levels
234|      'risk.low': 'Past xavf',
235|      'risk.medium': 'O\'rta xavf',
   |      ^
236|      'risk.high': 'Yuqori xavf',
237|      'risk.critical': 'Kritik xavf'

  Plugin: vite:esbuild
  File: /home/rasulbek/muslim-projects/tanlov-ai/frontend/src/context/ThemeContext.tsx
3:32:14 PM [vite] warning: Duplicate key "risk.high" in object literal
234|      'risk.low': 'Past xavf',
235|      'risk.medium': 'O\'rta xavf',
236|      'risk.high': 'Yuqori xavf',
   |      ^
237|      'risk.critical': 'Kritik xavf'
238|    },

  Plugin: vite:esbuild
  File: /home/rasulbek/muslim-projects/tanlov-ai/frontend/src/context/ThemeContext.tsx
3:32:14 PM [vite] warning: Duplicate key "risk.critical" in object literal
235|      'risk.medium': 'O\'rta xavf',
236|      'risk.high': 'Yuqori xavf',
237|      'risk.critical': 'Kritik xavf'
   |      ^
238|    },
239|    ru: {

  Plugin: vite:esbuild
  File: /home/rasulbek/muslim-projects/tanlov-ai/frontend/src/context/ThemeContext.tsx
3:32:14 PM [vite] warning: Duplicate key "history.title" in object literal
337|  
338|      // History
339|      'history.title': 'История Анализов',
   |      ^
340|      'history.subtitle': 'Все проанализированные тендеры и результаты',
341|      'history.empty': 'История анализов пуста',

  Plugin: vite:esbuild
  File: /home/rasulbek/muslim-projects/tanlov-ai/frontend/src/context/ThemeContext.tsx
3:32:14 PM [vite] warning: Duplicate key "history.subtitle" in object literal
338|      // History
339|      'history.title': 'История Анализов',
340|      'history.subtitle': 'Все проанализированные тендеры и результаты',
   |      ^
341|      'history.empty': 'История анализов пуста',
342|      'history.empty_desc': 'Результаты анализа будут сохранены здесь',

  Plugin: vite:esbuild
  File: /home/rasulbek/muslim-projects/tanlov-ai/frontend/src/context/ThemeContext.tsx
3:32:14 PM [vite] warning: Duplicate key "risk.low" in object literal
440|  
441|      // Risk levels
442|      'risk.low': 'Низкий риск',
   |      ^
443|      'risk.medium': 'Средний риск',
444|      'risk.high': 'Высокий риск',

  Plugin: vite:esbuild
  File: /home/rasulbek/muslim-projects/tanlov-ai/frontend/src/context/ThemeContext.tsx
3:32:14 PM [vite] warning: Duplicate key "risk.medium" in object literal
441|      // Risk levels
442|      'risk.low': 'Низкий риск',
443|      'risk.medium': 'Средний риск',
   |      ^
444|      'risk.high': 'Высокий риск',
445|      'risk.critical': 'Критический риск'

  Plugin: vite:esbuild
  File: /home/rasulbek/muslim-projects/tanlov-ai/frontend/src/context/ThemeContext.tsx
3:32:14 PM [vite] warning: Duplicate key "risk.high" in object literal
442|      'risk.low': 'Низкий риск',
443|      'risk.medium': 'Средний риск',
444|      'risk.high': 'Высокий риск',
   |      ^
445|      'risk.critical': 'Критический риск'
446|    }

  Plugin: vite:esbuild
  File: /home/rasulbek/muslim-projects/tanlov-ai/frontend/src/context/ThemeContext.tsx
3:32:14 PM [vite] warning: Duplicate key "risk.critical" in object literal
443|      'risk.medium': 'Средний риск',
444|      'risk.high': 'Высокий риск',
445|      'risk.critical': 'Критический риск'
   |      ^
446|    }
447|  };

  Plugin: vite:esbuild
  File: /home/rasulbek/muslim-projects/tanlov-ai/frontend/src/context/ThemeContext.tsx
3:32:14 PM [vite] hmr invalidate /src/context/ThemeContext.tsx Could not Fast Refresh ("default" export is incompatible). Learn more at https://github.com/vitejs/vite-plugin-react/tree/main/packages/plugin-react#consistent-components-exports
3:32:14 PM [vite] page reload src/context/ThemeContext.tsx
3:32:14 PM [vite] hmr invalidate /src/context/ThemeContext.tsx Could not Fast Refresh ("default" export is incompatible). Learn more at https://github.com/vitejs/vite-plugin-react/tree/main/packages/plugin-react#consistent-components-exports
3:32:14 PM [vite] page reload src/context/ThemeContext.tsx
3:32:16 PM [vite] hmr update /src/context/ThemeContext.tsx, /src/index.css
3:32:16 PM [vite] warning: Duplicate key "risk.low" in object literal
232|  
233|      // Risk levels
234|      'risk.low': 'Past xavf',
   |      ^
235|      'risk.medium': 'O\'rta xavf',
236|      'risk.high': 'Yuqori xavf',

  Plugin: vite:esbuild
  File: /home/rasulbek/muslim-projects/tanlov-ai/frontend/src/context/ThemeContext.tsx
3:32:16 PM [vite] warning: Duplicate key "risk.medium" in object literal
233|      // Risk levels
234|      'risk.low': 'Past xavf',
235|      'risk.medium': 'O\'rta xavf',
   |      ^
236|      'risk.high': 'Yuqori xavf',
237|      'risk.critical': 'Kritik xavf'

  Plugin: vite:esbuild
  File: /home/rasulbek/muslim-projects/tanlov-ai/frontend/src/context/ThemeContext.tsx
3:32:16 PM [vite] warning: Duplicate key "risk.high" in object literal
234|      'risk.low': 'Past xavf',
235|      'risk.medium': 'O\'rta xavf',
236|      'risk.high': 'Yuqori xavf',
   |      ^
237|      'risk.critical': 'Kritik xavf'
238|    },

  Plugin: vite:esbuild
  File: /home/rasulbek/muslim-projects/tanlov-ai/frontend/src/context/ThemeContext.tsx
3:32:16 PM [vite] warning: Duplicate key "risk.critical" in object literal
235|      'risk.medium': 'O\'rta xavf',
236|      'risk.high': 'Yuqori xavf',
237|      'risk.critical': 'Kritik xavf'
   |      ^
238|    },
239|    ru: {

  Plugin: vite:esbuild
  File: /home/rasulbek/muslim-projects/tanlov-ai/frontend/src/context/ThemeContext.tsx
3:32:16 PM [vite] warning: Duplicate key "history.title" in object literal
337|  
338|      // History
339|      'history.title': 'История Анализов',
   |      ^
340|      'history.subtitle': 'Все проанализированные тендеры и результаты',
341|      'history.empty': 'История анализов пуста',

  Plugin: vite:esbuild
  File: /home/rasulbek/muslim-projects/tanlov-ai/frontend/src/context/ThemeContext.tsx
3:32:16 PM [vite] warning: Duplicate key "history.subtitle" in object literal
338|      // History
339|      'history.title': 'История Анализов',
340|      'history.subtitle': 'Все проанализированные тендеры и результаты',
   |      ^
341|      'history.empty': 'История анализов пуста',
342|      'history.empty_desc': 'Результаты анализа будут сохранены здесь',

  Plugin: vite:esbuild
  File: /home/rasulbek/muslim-projects/tanlov-ai/frontend/src/context/ThemeContext.tsx
3:32:16 PM [vite] warning: Duplicate key "risk.low" in object literal
440|  
441|      // Risk levels
442|      'risk.low': 'Низкий риск',
   |      ^
443|      'risk.medium': 'Средний риск',
444|      'risk.high': 'Высокий риск',

  Plugin: vite:esbuild
  File: /home/rasulbek/muslim-projects/tanlov-ai/frontend/src/context/ThemeContext.tsx
3:32:16 PM [vite] warning: Duplicate key "risk.medium" in object literal
441|      // Risk levels
442|      'risk.low': 'Низкий риск',
443|      'risk.medium': 'Средний риск',
   |      ^
444|      'risk.high': 'Высокий риск',
445|      'risk.critical': 'Критический риск'

  Plugin: vite:esbuild
  File: /home/rasulbek/muslim-projects/tanlov-ai/frontend/src/context/ThemeContext.tsx
3:32:16 PM [vite] warning: Duplicate key "risk.high" in object literal
442|      'risk.low': 'Низкий риск',
443|      'risk.medium': 'Средний риск',
444|      'risk.high': 'Высокий риск',
   |      ^
445|      'risk.critical': 'Критический риск'
446|    }

  Plugin: vite:esbuild
  File: /home/rasulbek/muslim-projects/tanlov-ai/frontend/src/context/ThemeContext.tsx
3:32:16 PM [vite] warning: Duplicate key "risk.critical" in object literal
443|      'risk.medium': 'Средний риск',
444|      'risk.high': 'Высокий риск',
445|      'risk.critical': 'Критический риск'
   |      ^
446|    }
447|  };

  Plugin: vite:esbuild
  File: /home/rasulbek/muslim-projects/tanlov-ai/frontend/src/context/ThemeContext.tsx
3:32:16 PM [vite] hmr invalidate /src/context/ThemeContext.tsx Could not Fast Refresh ("default" export is incompatible). Learn more at https://github.com/vitejs/vite-plugin-react/tree/main/packages/plugin-react#consistent-components-exports
3:32:16 PM [vite] page reload src/context/ThemeContext.tsx
3:32:16 PM [vite] hmr invalidate /src/context/ThemeContext.tsx Could not Fast Refresh ("default" export is incompatible). Learn more at https://github.com/vitejs/vite-plugin-react/tree/main/packages/plugin-react#consistent-components-exports
3:32:16 PM [vite] page reload src/context/ThemeContext.tsx
3:33:39 PM [vite] hmr update /src/pages/DashboardSimple.tsx, /src/index.css
3:33:39 PM [vite] Internal server error: /home/rasulbek/muslim-projects/tanlov-ai/frontend/src/pages/DashboardSimple.tsx: Unterminated regular expression. (213:16)

  211 |
  212 | export default DashboardSimple
> 213 |               </Button>
      |                 ^
  214 |             </Link>
  215 |           </CardContent>
  216 |         </Card>
  Plugin: vite:react-babel
  File: /home/rasulbek/muslim-projects/tanlov-ai/frontend/src/pages/DashboardSimple.tsx:213:16
  211|  
  212|  export default DashboardSimple
  213|                </Button>
     |                  ^
  214|              </Link>
  215|            </CardContent>
      at constructor (/home/rasulbek/muslim-projects/tanlov-ai/frontend/node_modules/@babel/parser/lib/index.js:367:19)
      at TypeScriptParserMixin.raise (/home/rasulbek/muslim-projects/tanlov-ai/frontend/node_modules/@babel/parser/lib/index.js:6624:19)
      at TypeScriptParserMixin.readRegexp (/home/rasulbek/muslim-projects/tanlov-ai/frontend/node_modules/@babel/parser/lib/index.js:6353:20)
      at TypeScriptParserMixin.parseExprAtom (/home/rasulbek/muslim-projects/tanlov-ai/frontend/node_modules/@babel/parser/lib/index.js:11377:16)
      at TypeScriptParserMixin.parseExprAtom (/home/rasulbek/muslim-projects/tanlov-ai/frontend/node_modules/@babel/parser/lib/index.js:4793:20)
      at TypeScriptParserMixin.parseExprSubscripts (/home/rasulbek/muslim-projects/tanlov-ai/frontend/node_modules/@babel/parser/lib/index.js:11145:23)
      at TypeScriptParserMixin.parseUpdate (/home/rasulbek/muslim-projects/tanlov-ai/frontend/node_modules/@babel/parser/lib/index.js:11130:21)
      at TypeScriptParserMixin.parseMaybeUnary (/home/rasulbek/muslim-projects/tanlov-ai/frontend/node_modules/@babel/parser/lib/index.js:11110:23)
      at TypeScriptParserMixin.parseMaybeUnary (/home/rasulbek/muslim-projects/tanlov-ai/frontend/node_modules/@babel/parser/lib/index.js:9890:18)
      at TypeScriptParserMixin.parseMaybeUnaryOrPrivate (/home/rasulbek/muslim-projects/tanlov-ai/frontend/node_modules/@babel/parser/lib/index.js:10963:61)
      at TypeScriptParserMixin.parseExprOpBaseRightExpr (/home/rasulbek/muslim-projects/tanlov-ai/frontend/node_modules/@babel/parser/lib/index.js:11050:34)
      at TypeScriptParserMixin.parseExprOpRightExpr (/home/rasulbek/muslim-projects/tanlov-ai/frontend/node_modules/@babel/parser/lib/index.js:11045:21)
      at TypeScriptParserMixin.parseExprOp (/home/rasulbek/muslim-projects/tanlov-ai/frontend/node_modules/@babel/parser/lib/index.js:11011:27)
      at TypeScriptParserMixin.parseExprOp (/home/rasulbek/muslim-projects/tanlov-ai/frontend/node_modules/@babel/parser/lib/index.js:9365:18)
      at TypeScriptParserMixin.parseExprOps (/home/rasulbek/muslim-projects/tanlov-ai/frontend/node_modules/@babel/parser/lib/index.js:10972:17)
      at TypeScriptParserMixin.parseMaybeConditional (/home/rasulbek/muslim-projects/tanlov-ai/frontend/node_modules/@babel/parser/lib/index.js:10945:23)
      at TypeScriptParserMixin.parseMaybeAssign (/home/rasulbek/muslim-projects/tanlov-ai/frontend/node_modules/@babel/parser/lib/index.js:10895:21)
      at TypeScriptParserMixin.parseMaybeAssign (/home/rasulbek/muslim-projects/tanlov-ai/frontend/node_modules/@babel/parser/lib/index.js:9839:20)
      at /home/rasulbek/muslim-projects/tanlov-ai/frontend/node_modules/@babel/parser/lib/index.js:10864:39
      at TypeScriptParserMixin.allowInAnd (/home/rasulbek/muslim-projects/tanlov-ai/frontend/node_modules/@babel/parser/lib/index.js:12495:16)
      at TypeScriptParserMixin.parseMaybeAssignAllowIn (/home/rasulbek/muslim-projects/tanlov-ai/frontend/node_modules/@babel/parser/lib/index.js:10864:17)
      at TypeScriptParserMixin.parseExportDefaultExpression (/home/rasulbek/muslim-projects/tanlov-ai/frontend/node_modules/@babel/parser/lib/index.js:14001:22)
      at TypeScriptParserMixin.parseExportDefaultExpression (/home/rasulbek/muslim-projects/tanlov-ai/frontend/node_modules/@babel/parser/lib/index.js:9463:18)
      at TypeScriptParserMixin.parseExport (/home/rasulbek/muslim-projects/tanlov-ai/frontend/node_modules/@babel/parser/lib/index.js:13904:25)
      at TypeScriptParserMixin.parseExport (/home/rasulbek/muslim-projects/tanlov-ai/frontend/node_modules/@babel/parser/lib/index.js:9446:20)
      at TypeScriptParserMixin.parseStatementContent (/home/rasulbek/muslim-projects/tanlov-ai/frontend/node_modules/@babel/parser/lib/index.js:12954:27)
      at TypeScriptParserMixin.parseStatementContent (/home/rasulbek/muslim-projects/tanlov-ai/frontend/node_modules/@babel/parser/lib/index.js:9569:18)
      at TypeScriptParserMixin.parseStatementLike (/home/rasulbek/muslim-projects/tanlov-ai/frontend/node_modules/@babel/parser/lib/index.js:12843:17)
      at TypeScriptParserMixin.parseModuleItem (/home/rasulbek/muslim-projects/tanlov-ai/frontend/node_modules/@babel/parser/lib/index.js:12820:17)
      at TypeScriptParserMixin.parseBlockOrModuleBlockBody (/home/rasulbek/muslim-projects/tanlov-ai/frontend/node_modules/@babel/parser/lib/index.js:13392:36)
      at TypeScriptParserMixin.parseBlockBody (/home/rasulbek/muslim-projects/tanlov-ai/frontend/node_modules/@babel/parser/lib/index.js:13385:10)
      at TypeScriptParserMixin.parseProgram (/home/rasulbek/muslim-projects/tanlov-ai/frontend/node_modules/@babel/parser/lib/index.js:12698:10)
      at TypeScriptParserMixin.parseTopLevel (/home/rasulbek/muslim-projects/tanlov-ai/frontend/node_modules/@babel/parser/lib/index.js:12688:25)
      at TypeScriptParserMixin.parse (/home/rasulbek/muslim-projects/tanlov-ai/frontend/node_modules/@babel/parser/lib/index.js:14568:25)
      at TypeScriptParserMixin.parse (/home/rasulbek/muslim-projects/tanlov-ai/frontend/node_modules/@babel/parser/lib/index.js:10183:18)
      at parse (/home/rasulbek/muslim-projects/tanlov-ai/frontend/node_modules/@babel/parser/lib/index.js:14602:38)
      at parser (/home/rasulbek/muslim-projects/tanlov-ai/frontend/node_modules/@babel/core/lib/parser/index.js:41:34)
      at parser.next (<anonymous>)
      at normalizeFile (/home/rasulbek/muslim-projects/tanlov-ai/frontend/node_modules/@babel/core/lib/transformation/normalize-file.js:64:37)
      at normalizeFile.next (<anonymous>)
      at run (/home/rasulbek/muslim-projects/tanlov-ai/frontend/node_modules/@babel/core/lib/transformation/index.js:22:50)
      at run.next (<anonymous>)
      at transform (/home/rasulbek/muslim-projects/tanlov-ai/frontend/node_modules/@babel/core/lib/transform.js:22:33)
      at transform.next (<anonymous>)
      at step (/home/rasulbek/muslim-projects/tanlov-ai/frontend/node_modules/gensync/index.js:261:32)
      at /home/rasulbek/muslim-projects/tanlov-ai/frontend/node_modules/gensync/index.js:273:13
      at async.call.result.err.err (/home/rasulbek/muslim-projects/tanlov-ai/frontend/node_modules/gensync/index.js:223:11)
      at /home/rasulbek/muslim-projects/tanlov-ai/frontend/node_modules/gensync/index.js:189:28
      at /home/rasulbek/muslim-projects/tanlov-ai/frontend/node_modules/@babel/core/lib/gensync-utils/async.js:67:7
      at /home/rasulbek/muslim-projects/tanlov-ai/frontend/node_modules/gensync/index.js:113:33
3:33:39 PM [vite] Internal server error: /home/rasulbek/muslim-projects/tanlov-ai/frontend/src/pages/DashboardSimple.tsx: Unterminated regular expression. (213:16)

  211 |
  212 | export default DashboardSimple
> 213 |               </Button>
      |                 ^
  214 |             </Link>
  215 |           </CardContent>
  216 |         </Card>
  Plugin: vite:react-babel
  File: /home/rasulbek/muslim-projects/tanlov-ai/frontend/src/pages/DashboardSimple.tsx:213:16
  211|  
  212|  export default DashboardSimple
  213|                </Button>
     |                  ^
  214|              </Link>
  215|            </CardContent>
      at constructor (/home/rasulbek/muslim-projects/tanlov-ai/frontend/node_modules/@babel/parser/lib/index.js:367:19)
      at TypeScriptParserMixin.raise (/home/rasulbek/muslim-projects/tanlov-ai/frontend/node_modules/@babel/parser/lib/index.js:6624:19)
      at TypeScriptParserMixin.readRegexp (/home/rasulbek/muslim-projects/tanlov-ai/frontend/node_modules/@babel/parser/lib/index.js:6353:20)
      at TypeScriptParserMixin.parseExprAtom (/home/rasulbek/muslim-projects/tanlov-ai/frontend/node_modules/@babel/parser/lib/index.js:11377:16)
      at TypeScriptParserMixin.parseExprAtom (/home/rasulbek/muslim-projects/tanlov-ai/frontend/node_modules/@babel/parser/lib/index.js:4793:20)
      at TypeScriptParserMixin.parseExprSubscripts (/home/rasulbek/muslim-projects/tanlov-ai/frontend/node_modules/@babel/parser/lib/index.js:11145:23)
      at TypeScriptParserMixin.parseUpdate (/home/rasulbek/muslim-projects/tanlov-ai/frontend/node_modules/@babel/parser/lib/index.js:11130:21)
      at TypeScriptParserMixin.parseMaybeUnary (/home/rasulbek/muslim-projects/tanlov-ai/frontend/node_modules/@babel/parser/lib/index.js:11110:23)
      at TypeScriptParserMixin.parseMaybeUnary (/home/rasulbek/muslim-projects/tanlov-ai/frontend/node_modules/@babel/parser/lib/index.js:9890:18)
      at TypeScriptParserMixin.parseMaybeUnaryOrPrivate (/home/rasulbek/muslim-projects/tanlov-ai/frontend/node_modules/@babel/parser/lib/index.js:10963:61)
      at TypeScriptParserMixin.parseExprOpBaseRightExpr (/home/rasulbek/muslim-projects/tanlov-ai/frontend/node_modules/@babel/parser/lib/index.js:11050:34)
      at TypeScriptParserMixin.parseExprOpRightExpr (/home/rasulbek/muslim-projects/tanlov-ai/frontend/node_modules/@babel/parser/lib/index.js:11045:21)
      at TypeScriptParserMixin.parseExprOp (/home/rasulbek/muslim-projects/tanlov-ai/frontend/node_modules/@babel/parser/lib/index.js:11011:27)
      at TypeScriptParserMixin.parseExprOp (/home/rasulbek/muslim-projects/tanlov-ai/frontend/node_modules/@babel/parser/lib/index.js:9365:18)
      at TypeScriptParserMixin.parseExprOps (/home/rasulbek/muslim-projects/tanlov-ai/frontend/node_modules/@babel/parser/lib/index.js:10972:17)
      at TypeScriptParserMixin.parseMaybeConditional (/home/rasulbek/muslim-projects/tanlov-ai/frontend/node_modules/@babel/parser/lib/index.js:10945:23)
      at TypeScriptParserMixin.parseMaybeAssign (/home/rasulbek/muslim-projects/tanlov-ai/frontend/node_modules/@babel/parser/lib/index.js:10895:21)
      at TypeScriptParserMixin.parseMaybeAssign (/home/rasulbek/muslim-projects/tanlov-ai/frontend/node_modules/@babel/parser/lib/index.js:9839:20)
      at /home/rasulbek/muslim-projects/tanlov-ai/frontend/node_modules/@babel/parser/lib/index.js:10864:39
      at TypeScriptParserMixin.allowInAnd (/home/rasulbek/muslim-projects/tanlov-ai/frontend/node_modules/@babel/parser/lib/index.js:12495:16)
      at TypeScriptParserMixin.parseMaybeAssignAllowIn (/home/rasulbek/muslim-projects/tanlov-ai/frontend/node_modules/@babel/parser/lib/index.js:10864:17)
      at TypeScriptParserMixin.parseExportDefaultExpression (/home/rasulbek/muslim-projects/tanlov-ai/frontend/node_modules/@babel/parser/lib/index.js:14001:22)
      at TypeScriptParserMixin.parseExportDefaultExpression (/home/rasulbek/muslim-projects/tanlov-ai/frontend/node_modules/@babel/parser/lib/index.js:9463:18)
      at TypeScriptParserMixin.parseExport (/home/rasulbek/muslim-projects/tanlov-ai/frontend/node_modules/@babel/parser/lib/index.js:13904:25)
      at TypeScriptParserMixin.parseExport (/home/rasulbek/muslim-projects/tanlov-ai/frontend/node_modules/@babel/parser/lib/index.js:9446:20)
      at TypeScriptParserMixin.parseStatementContent (/home/rasulbek/muslim-projects/tanlov-ai/frontend/node_modules/@babel/parser/lib/index.js:12954:27)
      at TypeScriptParserMixin.parseStatementContent (/home/rasulbek/muslim-projects/tanlov-ai/frontend/node_modules/@babel/parser/lib/index.js:9569:18)
      at TypeScriptParserMixin.parseStatementLike (/home/rasulbek/muslim-projects/tanlov-ai/frontend/node_modules/@babel/parser/lib/index.js:12843:17)
      at TypeScriptParserMixin.parseModuleItem (/home/rasulbek/muslim-projects/tanlov-ai/frontend/node_modules/@babel/parser/lib/index.js:12820:17)
      at TypeScriptParserMixin.parseBlockOrModuleBlockBody (/home/rasulbek/muslim-projects/tanlov-ai/frontend/node_modules/@babel/parser/lib/index.js:13392:36)
      at TypeScriptParserMixin.parseBlockBody (/home/rasulbek/muslim-projects/tanlov-ai/frontend/node_modules/@babel/parser/lib/index.js:13385:10)
      at TypeScriptParserMixin.parseProgram (/home/rasulbek/muslim-projects/tanlov-ai/frontend/node_modules/@babel/parser/lib/index.js:12698:10)
      at TypeScriptParserMixin.parseTopLevel (/home/rasulbek/muslim-projects/tanlov-ai/frontend/node_modules/@babel/parser/lib/index.js:12688:25)
      at TypeScriptParserMixin.parse (/home/rasulbek/muslim-projects/tanlov-ai/frontend/node_modules/@babel/parser/lib/index.js:14568:25)
      at TypeScriptParserMixin.parse (/home/rasulbek/muslim-projects/tanlov-ai/frontend/node_modules/@babel/parser/lib/index.js:10183:18)
      at parse (/home/rasulbek/muslim-projects/tanlov-ai/frontend/node_modules/@babel/parser/lib/index.js:14602:38)
      at parser (/home/rasulbek/muslim-projects/tanlov-ai/frontend/node_modules/@babel/core/lib/parser/index.js:41:34)
      at parser.next (<anonymous>)
      at normalizeFile (/home/rasulbek/muslim-projects/tanlov-ai/frontend/node_modules/@babel/core/lib/transformation/normalize-file.js:64:37)
      at normalizeFile.next (<anonymous>)
      at run (/home/rasulbek/muslim-projects/tanlov-ai/frontend/node_modules/@babel/core/lib/transformation/index.js:22:50)
      at run.next (<anonymous>)
      at transform (/home/rasulbek/muslim-projects/tanlov-ai/frontend/node_modules/@babel/core/lib/transform.js:22:33)
      at transform.next (<anonymous>)
      at step (/home/rasulbek/muslim-projects/tanlov-ai/frontend/node_modules/gensync/index.js:261:32)
      at /home/rasulbek/muslim-projects/tanlov-ai/frontend/node_modules/gensync/index.js:273:13
      at async.call.result.err.err (/home/rasulbek/muslim-projects/tanlov-ai/frontend/node_modules/gensync/index.js:223:11)
      at /home/rasulbek/muslim-projects/tanlov-ai/frontend/node_modules/gensync/index.js:189:28
      at /home/rasulbek/muslim-projects/tanlov-ai/frontend/node_modules/@babel/core/lib/gensync-utils/async.js:67:7
      at /home/rasulbek/muslim-projects/tanlov-ai/frontend/node_modules/gensync/index.js:113:33
3:34:05 PM [vite] hmr update /src/pages/DashboardSimple.tsx, /src/index.css
3:34:05 PM [vite] Internal server error: /home/rasulbek/muslim-projects/tanlov-ai/frontend/src/pages/DashboardSimple.tsx: Unterminated regular expression. (213:16)

  211 |
  212 | export default DashboardSimple
> 213 |               </Button>
      |                 ^
  214 |             </Link>
  215 |           </CardContent>
  216 |         </Card>
  Plugin: vite:react-babel
  File: /home/rasulbek/muslim-projects/tanlov-ai/frontend/src/pages/DashboardSimple.tsx:213:16
  211|  
  212|  export default DashboardSimple
  213|                </Button>
     |                  ^
  214|              </Link>
  215|            </CardContent>
      at constructor (/home/rasulbek/muslim-projects/tanlov-ai/frontend/node_modules/@babel/parser/lib/index.js:367:19)
      at TypeScriptParserMixin.raise (/home/rasulbek/muslim-projects/tanlov-ai/frontend/node_modules/@babel/parser/lib/index.js:6624:19)
      at TypeScriptParserMixin.readRegexp (/home/rasulbek/muslim-projects/tanlov-ai/frontend/node_modules/@babel/parser/lib/index.js:6353:20)
      at TypeScriptParserMixin.parseExprAtom (/home/rasulbek/muslim-projects/tanlov-ai/frontend/node_modules/@babel/parser/lib/index.js:11377:16)
      at TypeScriptParserMixin.parseExprAtom (/home/rasulbek/muslim-projects/tanlov-ai/frontend/node_modules/@babel/parser/lib/index.js:4793:20)
      at TypeScriptParserMixin.parseExprSubscripts (/home/rasulbek/muslim-projects/tanlov-ai/frontend/node_modules/@babel/parser/lib/index.js:11145:23)
      at TypeScriptParserMixin.parseUpdate (/home/rasulbek/muslim-projects/tanlov-ai/frontend/node_modules/@babel/parser/lib/index.js:11130:21)
      at TypeScriptParserMixin.parseMaybeUnary (/home/rasulbek/muslim-projects/tanlov-ai/frontend/node_modules/@babel/parser/lib/index.js:11110:23)
      at TypeScriptParserMixin.parseMaybeUnary (/home/rasulbek/muslim-projects/tanlov-ai/frontend/node_modules/@babel/parser/lib/index.js:9890:18)
      at TypeScriptParserMixin.parseMaybeUnaryOrPrivate (/home/rasulbek/muslim-projects/tanlov-ai/frontend/node_modules/@babel/parser/lib/index.js:10963:61)
      at TypeScriptParserMixin.parseExprOpBaseRightExpr (/home/rasulbek/muslim-projects/tanlov-ai/frontend/node_modules/@babel/parser/lib/index.js:11050:34)
      at TypeScriptParserMixin.parseExprOpRightExpr (/home/rasulbek/muslim-projects/tanlov-ai/frontend/node_modules/@babel/parser/lib/index.js:11045:21)
      at TypeScriptParserMixin.parseExprOp (/home/rasulbek/muslim-projects/tanlov-ai/frontend/node_modules/@babel/parser/lib/index.js:11011:27)
      at TypeScriptParserMixin.parseExprOp (/home/rasulbek/muslim-projects/tanlov-ai/frontend/node_modules/@babel/parser/lib/index.js:9365:18)
      at TypeScriptParserMixin.parseExprOps (/home/rasulbek/muslim-projects/tanlov-ai/frontend/node_modules/@babel/parser/lib/index.js:10972:17)
      at TypeScriptParserMixin.parseMaybeConditional (/home/rasulbek/muslim-projects/tanlov-ai/frontend/node_modules/@babel/parser/lib/index.js:10945:23)
      at TypeScriptParserMixin.parseMaybeAssign (/home/rasulbek/muslim-projects/tanlov-ai/frontend/node_modules/@babel/parser/lib/index.js:10895:21)
      at TypeScriptParserMixin.parseMaybeAssign (/home/rasulbek/muslim-projects/tanlov-ai/frontend/node_modules/@babel/parser/lib/index.js:9839:20)
      at /home/rasulbek/muslim-projects/tanlov-ai/frontend/node_modules/@babel/parser/lib/index.js:10864:39
      at TypeScriptParserMixin.allowInAnd (/home/rasulbek/muslim-projects/tanlov-ai/frontend/node_modules/@babel/parser/lib/index.js:12495:16)
      at TypeScriptParserMixin.parseMaybeAssignAllowIn (/home/rasulbek/muslim-projects/tanlov-ai/frontend/node_modules/@babel/parser/lib/index.js:10864:17)
      at TypeScriptParserMixin.parseExportDefaultExpression (/home/rasulbek/muslim-projects/tanlov-ai/frontend/node_modules/@babel/parser/lib/index.js:14001:22)
      at TypeScriptParserMixin.parseExportDefaultExpression (/home/rasulbek/muslim-projects/tanlov-ai/frontend/node_modules/@babel/parser/lib/index.js:9463:18)
      at TypeScriptParserMixin.parseExport (/home/rasulbek/muslim-projects/tanlov-ai/frontend/node_modules/@babel/parser/lib/index.js:13904:25)
      at TypeScriptParserMixin.parseExport (/home/rasulbek/muslim-projects/tanlov-ai/frontend/node_modules/@babel/parser/lib/index.js:9446:20)
      at TypeScriptParserMixin.parseStatementContent (/home/rasulbek/muslim-projects/tanlov-ai/frontend/node_modules/@babel/parser/lib/index.js:12954:27)
      at TypeScriptParserMixin.parseStatementContent (/home/rasulbek/muslim-projects/tanlov-ai/frontend/node_modules/@babel/parser/lib/index.js:9569:18)
      at TypeScriptParserMixin.parseStatementLike (/home/rasulbek/muslim-projects/tanlov-ai/frontend/node_modules/@babel/parser/lib/index.js:12843:17)
      at TypeScriptParserMixin.parseModuleItem (/home/rasulbek/muslim-projects/tanlov-ai/frontend/node_modules/@babel/parser/lib/index.js:12820:17)
      at TypeScriptParserMixin.parseBlockOrModuleBlockBody (/home/rasulbek/muslim-projects/tanlov-ai/frontend/node_modules/@babel/parser/lib/index.js:13392:36)
      at TypeScriptParserMixin.parseBlockBody (/home/rasulbek/muslim-projects/tanlov-ai/frontend/node_modules/@babel/parser/lib/index.js:13385:10)
      at TypeScriptParserMixin.parseProgram (/home/rasulbek/muslim-projects/tanlov-ai/frontend/node_modules/@babel/parser/lib/index.js:12698:10)
      at TypeScriptParserMixin.parseTopLevel (/home/rasulbek/muslim-projects/tanlov-ai/frontend/node_modules/@babel/parser/lib/index.js:12688:25)
      at TypeScriptParserMixin.parse (/home/rasulbek/muslim-projects/tanlov-ai/frontend/node_modules/@babel/parser/lib/index.js:14568:25)
      at TypeScriptParserMixin.parse (/home/rasulbek/muslim-projects/tanlov-ai/frontend/node_modules/@babel/parser/lib/index.js:10183:18)
      at parse (/home/rasulbek/muslim-projects/tanlov-ai/frontend/node_modules/@babel/parser/lib/index.js:14602:38)
      at parser (/home/rasulbek/muslim-projects/tanlov-ai/frontend/node_modules/@babel/core/lib/parser/index.js:41:34)
      at parser.next (<anonymous>)
      at normalizeFile (/home/rasulbek/muslim-projects/tanlov-ai/frontend/node_modules/@babel/core/lib/transformation/normalize-file.js:64:37)
      at normalizeFile.next (<anonymous>)
      at run (/home/rasulbek/muslim-projects/tanlov-ai/frontend/node_modules/@babel/core/lib/transformation/index.js:22:50)
      at run.next (<anonymous>)
      at transform (/home/rasulbek/muslim-projects/tanlov-ai/frontend/node_modules/@babel/core/lib/transform.js:22:33)
      at transform.next (<anonymous>)
      at step (/home/rasulbek/muslim-projects/tanlov-ai/frontend/node_modules/gensync/index.js:261:32)
      at /home/rasulbek/muslim-projects/tanlov-ai/frontend/node_modules/gensync/index.js:273:13
      at async.call.result.err.err (/home/rasulbek/muslim-projects/tanlov-ai/frontend/node_modules/gensync/index.js:223:11)
      at /home/rasulbek/muslim-projects/tanlov-ai/frontend/node_modules/gensync/index.js:189:28
      at /home/rasulbek/muslim-projects/tanlov-ai/frontend/node_modules/@babel/core/lib/gensync-utils/async.js:67:7
      at /home/rasulbek/muslim-projects/tanlov-ai/frontend/node_modules/gensync/index.js:113:33
3:34:05 PM [vite] Internal server error: /home/rasulbek/muslim-projects/tanlov-ai/frontend/src/pages/DashboardSimple.tsx: Unterminated regular expression. (213:16)

  211 |
  212 | export default DashboardSimple
> 213 |               </Button>
      |                 ^
  214 |             </Link>
  215 |           </CardContent>
  216 |         </Card>
  Plugin: vite:react-babel
  File: /home/rasulbek/muslim-projects/tanlov-ai/frontend/src/pages/DashboardSimple.tsx:213:16
  211|  
  212|  export default DashboardSimple
  213|                </Button>
     |                  ^
  214|              </Link>
  215|            </CardContent>
      at constructor (/home/rasulbek/muslim-projects/tanlov-ai/frontend/node_modules/@babel/parser/lib/index.js:367:19)
      at TypeScriptParserMixin.raise (/home/rasulbek/muslim-projects/tanlov-ai/frontend/node_modules/@babel/parser/lib/index.js:6624:19)
      at TypeScriptParserMixin.readRegexp (/home/rasulbek/muslim-projects/tanlov-ai/frontend/node_modules/@babel/parser/lib/index.js:6353:20)
      at TypeScriptParserMixin.parseExprAtom (/home/rasulbek/muslim-projects/tanlov-ai/frontend/node_modules/@babel/parser/lib/index.js:11377:16)
      at TypeScriptParserMixin.parseExprAtom (/home/rasulbek/muslim-projects/tanlov-ai/frontend/node_modules/@babel/parser/lib/index.js:4793:20)
      at TypeScriptParserMixin.parseExprSubscripts (/home/rasulbek/muslim-projects/tanlov-ai/frontend/node_modules/@babel/parser/lib/index.js:11145:23)
      at TypeScriptParserMixin.parseUpdate (/home/rasulbek/muslim-projects/tanlov-ai/frontend/node_modules/@babel/parser/lib/index.js:11130:21)
      at TypeScriptParserMixin.parseMaybeUnary (/home/rasulbek/muslim-projects/tanlov-ai/frontend/node_modules/@babel/parser/lib/index.js:11110:23)
      at TypeScriptParserMixin.parseMaybeUnary (/home/rasulbek/muslim-projects/tanlov-ai/frontend/node_modules/@babel/parser/lib/index.js:9890:18)
      at TypeScriptParserMixin.parseMaybeUnaryOrPrivate (/home/rasulbek/muslim-projects/tanlov-ai/frontend/node_modules/@babel/parser/lib/index.js:10963:61)
      at TypeScriptParserMixin.parseExprOpBaseRightExpr (/home/rasulbek/muslim-projects/tanlov-ai/frontend/node_modules/@babel/parser/lib/index.js:11050:34)
      at TypeScriptParserMixin.parseExprOpRightExpr (/home/rasulbek/muslim-projects/tanlov-ai/frontend/node_modules/@babel/parser/lib/index.js:11045:21)
      at TypeScriptParserMixin.parseExprOp (/home/rasulbek/muslim-projects/tanlov-ai/frontend/node_modules/@babel/parser/lib/index.js:11011:27)
      at TypeScriptParserMixin.parseExprOp (/home/rasulbek/muslim-projects/tanlov-ai/frontend/node_modules/@babel/parser/lib/index.js:9365:18)
      at TypeScriptParserMixin.parseExprOps (/home/rasulbek/muslim-projects/tanlov-ai/frontend/node_modules/@babel/parser/lib/index.js:10972:17)
      at TypeScriptParserMixin.parseMaybeConditional (/home/rasulbek/muslim-projects/tanlov-ai/frontend/node_modules/@babel/parser/lib/index.js:10945:23)
      at TypeScriptParserMixin.parseMaybeAssign (/home/rasulbek/muslim-projects/tanlov-ai/frontend/node_modules/@babel/parser/lib/index.js:10895:21)
      at TypeScriptParserMixin.parseMaybeAssign (/home/rasulbek/muslim-projects/tanlov-ai/frontend/node_modules/@babel/parser/lib/index.js:9839:20)
      at /home/rasulbek/muslim-projects/tanlov-ai/frontend/node_modules/@babel/parser/lib/index.js:10864:39
      at TypeScriptParserMixin.allowInAnd (/home/rasulbek/muslim-projects/tanlov-ai/frontend/node_modules/@babel/parser/lib/index.js:12495:16)
      at TypeScriptParserMixin.parseMaybeAssignAllowIn (/home/rasulbek/muslim-projects/tanlov-ai/frontend/node_modules/@babel/parser/lib/index.js:10864:17)
      at TypeScriptParserMixin.parseExportDefaultExpression (/home/rasulbek/muslim-projects/tanlov-ai/frontend/node_modules/@babel/parser/lib/index.js:14001:22)
      at TypeScriptParserMixin.parseExportDefaultExpression (/home/rasulbek/muslim-projects/tanlov-ai/frontend/node_modules/@babel/parser/lib/index.js:9463:18)
      at TypeScriptParserMixin.parseExport (/home/rasulbek/muslim-projects/tanlov-ai/frontend/node_modules/@babel/parser/lib/index.js:13904:25)
      at TypeScriptParserMixin.parseExport (/home/rasulbek/muslim-projects/tanlov-ai/frontend/node_modules/@babel/parser/lib/index.js:9446:20)
      at TypeScriptParserMixin.parseStatementContent (/home/rasulbek/muslim-projects/tanlov-ai/frontend/node_modules/@babel/parser/lib/index.js:12954:27)
      at TypeScriptParserMixin.parseStatementContent (/home/rasulbek/muslim-projects/tanlov-ai/frontend/node_modules/@babel/parser/lib/index.js:9569:18)
      at TypeScriptParserMixin.parseStatementLike (/home/rasulbek/muslim-projects/tanlov-ai/frontend/node_modules/@babel/parser/lib/index.js:12843:17)
      at TypeScriptParserMixin.parseModuleItem (/home/rasulbek/muslim-projects/tanlov-ai/frontend/node_modules/@babel/parser/lib/index.js:12820:17)
      at TypeScriptParserMixin.parseBlockOrModuleBlockBody (/home/rasulbek/muslim-projects/tanlov-ai/frontend/node_modules/@babel/parser/lib/index.js:13392:36)
      at TypeScriptParserMixin.parseBlockBody (/home/rasulbek/muslim-projects/tanlov-ai/frontend/node_modules/@babel/parser/lib/index.js:13385:10)
      at TypeScriptParserMixin.parseProgram (/home/rasulbek/muslim-projects/tanlov-ai/frontend/node_modules/@babel/parser/lib/index.js:12698:10)
      at TypeScriptParserMixin.parseTopLevel (/home/rasulbek/muslim-projects/tanlov-ai/frontend/node_modules/@babel/parser/lib/index.js:12688:25)
      at TypeScriptParserMixin.parse (/home/rasulbek/muslim-projects/tanlov-ai/frontend/node_modules/@babel/parser/lib/index.js:14568:25)
      at TypeScriptParserMixin.parse (/home/rasulbek/muslim-projects/tanlov-ai/frontend/node_modules/@babel/parser/lib/index.js:10183:18)
      at parse (/home/rasulbek/muslim-projects/tanlov-ai/frontend/node_modules/@babel/parser/lib/index.js:14602:38)
      at parser (/home/rasulbek/muslim-projects/tanlov-ai/frontend/node_modules/@babel/core/lib/parser/index.js:41:34)
      at parser.next (<anonymous>)
      at normalizeFile (/home/rasulbek/muslim-projects/tanlov-ai/frontend/node_modules/@babel/core/lib/transformation/normalize-file.js:64:37)
      at normalizeFile.next (<anonymous>)
      at run (/home/rasulbek/muslim-projects/tanlov-ai/frontend/node_modules/@babel/core/lib/transformation/index.js:22:50)
      at run.next (<anonymous>)
      at transform (/home/rasulbek/muslim-projects/tanlov-ai/frontend/node_modules/@babel/core/lib/transform.js:22:33)
      at transform.next (<anonymous>)
      at step (/home/rasulbek/muslim-projects/tanlov-ai/frontend/node_modules/gensync/index.js:261:32)
      at /home/rasulbek/muslim-projects/tanlov-ai/frontend/node_modules/gensync/index.js:273:13
      at async.call.result.err.err (/home/rasulbek/muslim-projects/tanlov-ai/frontend/node_modules/gensync/index.js:223:11)
      at /home/rasulbek/muslim-projects/tanlov-ai/frontend/node_modules/gensync/index.js:189:28
      at /home/rasulbek/muslim-projects/tanlov-ai/frontend/node_modules/@babel/core/lib/gensync-utils/async.js:67:7
      at /home/rasulbek/muslim-projects/tanlov-ai/frontend/node_modules/gensync/index.js:113:33
3:37:55 PM [vite] hmr update /src/pages/TenderAnalysis.tsx, /src/index.css
3:37:57 PM [vite] hmr update /src/pages/TenderAnalysis.tsx, /src/index.css
3:38:16 PM [vite] hmr update /src/pages/TenderAnalysis.tsx, /src/index.css
3:38:19 PM [vite] hmr update /src/pages/TenderAnalysis.tsx, /src/index.css
3:38:24 PM [vite] hmr update /src/pages/TenderAnalysis.tsx, /src/index.css
3:38:31 PM [vite] hmr update /src/pages/TenderAnalysis.tsx, /src/index.css
3:38:33 PM [vite] hmr update /src/pages/TenderAnalysis.tsx, /src/index.css
3:38:47 PM [vite] hmr update /src/pages/DashboardSimple.tsx, /src/index.css
3:38:49 PM [vite] hmr update /src/pages/DashboardSimple.tsx, /src/index.css
3:39:20 PM [vite] hmr update /src/context/ThemeContext.tsx, /src/index.css
3:39:20 PM [vite] warning: Duplicate key "risk.low" in object literal
232|  
233|      // Risk levels
234|      'risk.low': 'Past xavf',
   |      ^
235|      'risk.medium': 'O\'rta xavf',
236|      'risk.high': 'Yuqori xavf',

  Plugin: vite:esbuild
  File: /home/rasulbek/muslim-projects/tanlov-ai/frontend/src/context/ThemeContext.tsx
3:39:20 PM [vite] warning: Duplicate key "risk.medium" in object literal
233|      // Risk levels
234|      'risk.low': 'Past xavf',
235|      'risk.medium': 'O\'rta xavf',
   |      ^
236|      'risk.high': 'Yuqori xavf',
237|      'risk.critical': 'Kritik xavf'

  Plugin: vite:esbuild
  File: /home/rasulbek/muslim-projects/tanlov-ai/frontend/src/context/ThemeContext.tsx
3:39:20 PM [vite] warning: Duplicate key "risk.high" in object literal
234|      'risk.low': 'Past xavf',
235|      'risk.medium': 'O\'rta xavf',
236|      'risk.high': 'Yuqori xavf',
   |      ^
237|      'risk.critical': 'Kritik xavf'
238|    },

  Plugin: vite:esbuild
  File: /home/rasulbek/muslim-projects/tanlov-ai/frontend/src/context/ThemeContext.tsx
3:39:20 PM [vite] warning: Duplicate key "risk.critical" in object literal
235|      'risk.medium': 'O\'rta xavf',
236|      'risk.high': 'Yuqori xavf',
237|      'risk.critical': 'Kritik xavf'
   |      ^
238|    },
239|    ru: {

  Plugin: vite:esbuild
  File: /home/rasulbek/muslim-projects/tanlov-ai/frontend/src/context/ThemeContext.tsx
3:39:20 PM [vite] warning: Duplicate key "risk.low" in object literal
436|  
437|      // Risk levels
438|      'risk.low': 'Низкий риск',
   |      ^
439|      'risk.medium': 'Средний риск',
440|      'risk.high': 'Высокий риск',

  Plugin: vite:esbuild
  File: /home/rasulbek/muslim-projects/tanlov-ai/frontend/src/context/ThemeContext.tsx
3:39:20 PM [vite] warning: Duplicate key "risk.medium" in object literal
437|      // Risk levels
438|      'risk.low': 'Низкий риск',
439|      'risk.medium': 'Средний риск',
   |      ^
440|      'risk.high': 'Высокий риск',
441|      'risk.critical': 'Критический риск'

  Plugin: vite:esbuild
  File: /home/rasulbek/muslim-projects/tanlov-ai/frontend/src/context/ThemeContext.tsx
3:39:20 PM [vite] warning: Duplicate key "risk.high" in object literal
438|      'risk.low': 'Низкий риск',
439|      'risk.medium': 'Средний риск',
440|      'risk.high': 'Высокий риск',
   |      ^
441|      'risk.critical': 'Критический риск'
442|    }

  Plugin: vite:esbuild
  File: /home/rasulbek/muslim-projects/tanlov-ai/frontend/src/context/ThemeContext.tsx
3:39:20 PM [vite] warning: Duplicate key "risk.critical" in object literal
439|      'risk.medium': 'Средний риск',
440|      'risk.high': 'Высокий риск',
441|      'risk.critical': 'Критический риск'
   |      ^
442|    }
443|  };

  Plugin: vite:esbuild
  File: /home/rasulbek/muslim-projects/tanlov-ai/frontend/src/context/ThemeContext.tsx
3:39:20 PM [vite] hmr invalidate /src/context/ThemeContext.tsx Could not Fast Refresh ("default" export is incompatible). Learn more at https://github.com/vitejs/vite-plugin-react/tree/main/packages/plugin-react#consistent-components-exports
3:39:20 PM [vite] page reload src/context/ThemeContext.tsx
3:39:20 PM [vite] hmr invalidate /src/context/ThemeContext.tsx Could not Fast Refresh ("default" export is incompatible). Learn more at https://github.com/vitejs/vite-plugin-react/tree/main/packages/plugin-react#consistent-components-exports
3:39:20 PM [vite] page reload src/context/ThemeContext.tsx
3:39:22 PM [vite] hmr update /src/context/ThemeContext.tsx, /src/index.css
3:39:22 PM [vite] warning: Duplicate key "risk.low" in object literal
232|  
233|      // Risk levels
234|      'risk.low': 'Past xavf',
   |      ^
235|      'risk.medium': 'O\'rta xavf',
236|      'risk.high': 'Yuqori xavf',

  Plugin: vite:esbuild
  File: /home/rasulbek/muslim-projects/tanlov-ai/frontend/src/context/ThemeContext.tsx
3:39:22 PM [vite] warning: Duplicate key "risk.medium" in object literal
233|      // Risk levels
234|      'risk.low': 'Past xavf',
235|      'risk.medium': 'O\'rta xavf',
   |      ^
236|      'risk.high': 'Yuqori xavf',
237|      'risk.critical': 'Kritik xavf'

  Plugin: vite:esbuild
  File: /home/rasulbek/muslim-projects/tanlov-ai/frontend/src/context/ThemeContext.tsx
3:39:22 PM [vite] warning: Duplicate key "risk.high" in object literal
234|      'risk.low': 'Past xavf',
235|      'risk.medium': 'O\'rta xavf',
236|      'risk.high': 'Yuqori xavf',
   |      ^
237|      'risk.critical': 'Kritik xavf'
238|    },

  Plugin: vite:esbuild
  File: /home/rasulbek/muslim-projects/tanlov-ai/frontend/src/context/ThemeContext.tsx
3:39:22 PM [vite] warning: Duplicate key "risk.critical" in object literal
235|      'risk.medium': 'O\'rta xavf',
236|      'risk.high': 'Yuqori xavf',
237|      'risk.critical': 'Kritik xavf'
   |      ^
238|    },
239|    ru: {

  Plugin: vite:esbuild
  File: /home/rasulbek/muslim-projects/tanlov-ai/frontend/src/context/ThemeContext.tsx
3:39:22 PM [vite] warning: Duplicate key "risk.low" in object literal
436|  
437|      // Risk levels
438|      'risk.low': 'Низкий риск',
   |      ^
439|      'risk.medium': 'Средний риск',
440|      'risk.high': 'Высокий риск',

  Plugin: vite:esbuild
  File: /home/rasulbek/muslim-projects/tanlov-ai/frontend/src/context/ThemeContext.tsx
3:39:22 PM [vite] warning: Duplicate key "risk.medium" in object literal
437|      // Risk levels
438|      'risk.low': 'Низкий риск',
439|      'risk.medium': 'Средний риск',
   |      ^
440|      'risk.high': 'Высокий риск',
441|      'risk.critical': 'Критический риск'

  Plugin: vite:esbuild
  File: /home/rasulbek/muslim-projects/tanlov-ai/frontend/src/context/ThemeContext.tsx
3:39:22 PM [vite] warning: Duplicate key "risk.high" in object literal
438|      'risk.low': 'Низкий риск',
439|      'risk.medium': 'Средний риск',
440|      'risk.high': 'Высокий риск',
   |      ^
441|      'risk.critical': 'Критический риск'
442|    }

  Plugin: vite:esbuild
  File: /home/rasulbek/muslim-projects/tanlov-ai/frontend/src/context/ThemeContext.tsx
3:39:22 PM [vite] warning: Duplicate key "risk.critical" in object literal
439|      'risk.medium': 'Средний риск',
440|      'risk.high': 'Высокий риск',
441|      'risk.critical': 'Критический риск'
   |      ^
442|    }
443|  };

  Plugin: vite:esbuild
  File: /home/rasulbek/muslim-projects/tanlov-ai/frontend/src/context/ThemeContext.tsx
3:39:22 PM [vite] hmr invalidate /src/context/ThemeContext.tsx Could not Fast Refresh ("default" export is incompatible). Learn more at https://github.com/vitejs/vite-plugin-react/tree/main/packages/plugin-react#consistent-components-exports
3:39:22 PM [vite] page reload src/context/ThemeContext.tsx
3:39:22 PM [vite] hmr invalidate /src/context/ThemeContext.tsx Could not Fast Refresh ("default" export is incompatible). Learn more at https://github.com/vitejs/vite-plugin-react/tree/main/packages/plugin-react#consistent-components-exports
3:39:22 PM [vite] page reload src/context/ThemeContext.tsx
3:39:44 PM [vite] hmr update /src/context/ThemeContext.tsx, /src/index.css
3:39:44 PM [vite] warning: Duplicate key "risk.low" in object literal
430|  
431|      // Risk levels
432|      'risk.low': 'Низкий риск',
   |      ^
433|      'risk.medium': 'Средний риск',
434|      'risk.high': 'Высокий риск',

  Plugin: vite:esbuild
  File: /home/rasulbek/muslim-projects/tanlov-ai/frontend/src/context/ThemeContext.tsx
3:39:44 PM [vite] warning: Duplicate key "risk.medium" in object literal
431|      // Risk levels
432|      'risk.low': 'Низкий риск',
433|      'risk.medium': 'Средний риск',
   |      ^
434|      'risk.high': 'Высокий риск',
435|      'risk.critical': 'Критический риск'

  Plugin: vite:esbuild
  File: /home/rasulbek/muslim-projects/tanlov-ai/frontend/src/context/ThemeContext.tsx
3:39:44 PM [vite] warning: Duplicate key "risk.high" in object literal
432|      'risk.low': 'Низкий риск',
433|      'risk.medium': 'Средний риск',
434|      'risk.high': 'Высокий риск',
   |      ^
435|      'risk.critical': 'Критический риск'
436|    }

  Plugin: vite:esbuild
  File: /home/rasulbek/muslim-projects/tanlov-ai/frontend/src/context/ThemeContext.tsx
3:39:44 PM [vite] warning: Duplicate key "risk.critical" in object literal
433|      'risk.medium': 'Средний риск',
434|      'risk.high': 'Высокий риск',
435|      'risk.critical': 'Критический риск'
   |      ^
436|    }
437|  };

  Plugin: vite:esbuild
  File: /home/rasulbek/muslim-projects/tanlov-ai/frontend/src/context/ThemeContext.tsx
3:39:45 PM [vite] hmr invalidate /src/context/ThemeContext.tsx Could not Fast Refresh ("default" export is incompatible). Learn more at https://github.com/vitejs/vite-plugin-react/tree/main/packages/plugin-react#consistent-components-exports
3:39:45 PM [vite] page reload src/context/ThemeContext.tsx
3:39:45 PM [vite] hmr invalidate /src/context/ThemeContext.tsx Could not Fast Refresh ("default" export is incompatible). Learn more at https://github.com/vitejs/vite-plugin-react/tree/main/packages/plugin-react#consistent-components-exports
3:39:45 PM [vite] page reload src/context/ThemeContext.tsx
3:39:46 PM [vite] hmr update /src/context/ThemeContext.tsx, /src/index.css
3:39:46 PM [vite] warning: Duplicate key "risk.low" in object literal
430|  
431|      // Risk levels
432|      'risk.low': 'Низкий риск',
   |      ^
433|      'risk.medium': 'Средний риск',
434|      'risk.high': 'Высокий риск',

  Plugin: vite:esbuild
  File: /home/rasulbek/muslim-projects/tanlov-ai/frontend/src/context/ThemeContext.tsx
3:39:46 PM [vite] warning: Duplicate key "risk.medium" in object literal
431|      // Risk levels
432|      'risk.low': 'Низкий риск',
433|      'risk.medium': 'Средний риск',
   |      ^
434|      'risk.high': 'Высокий риск',
435|      'risk.critical': 'Критический риск'

  Plugin: vite:esbuild
  File: /home/rasulbek/muslim-projects/tanlov-ai/frontend/src/context/ThemeContext.tsx
3:39:46 PM [vite] warning: Duplicate key "risk.high" in object literal
432|      'risk.low': 'Низкий риск',
433|      'risk.medium': 'Средний риск',
434|      'risk.high': 'Высокий риск',
   |      ^
435|      'risk.critical': 'Критический риск'
436|    }

  Plugin: vite:esbuild
  File: /home/rasulbek/muslim-projects/tanlov-ai/frontend/src/context/ThemeContext.tsx
3:39:46 PM [vite] warning: Duplicate key "risk.critical" in object literal
433|      'risk.medium': 'Средний риск',
434|      'risk.high': 'Высокий риск',
435|      'risk.critical': 'Критический риск'
   |      ^
436|    }
437|  };

  Plugin: vite:esbuild
  File: /home/rasulbek/muslim-projects/tanlov-ai/frontend/src/context/ThemeContext.tsx
3:39:46 PM [vite] hmr invalidate /src/context/ThemeContext.tsx Could not Fast Refresh ("default" export is incompatible). Learn more at https://github.com/vitejs/vite-plugin-react/tree/main/packages/plugin-react#consistent-components-exports
3:39:46 PM [vite] page reload src/context/ThemeContext.tsx
3:39:46 PM [vite] hmr invalidate /src/context/ThemeContext.tsx Could not Fast Refresh ("default" export is incompatible). Learn more at https://github.com/vitejs/vite-plugin-react/tree/main/packages/plugin-react#consistent-components-exports
3:39:46 PM [vite] page reload src/context/ThemeContext.tsx
3:40:03 PM [vite] hmr update /src/context/ThemeContext.tsx, /src/index.css
3:40:03 PM [vite] hmr invalidate /src/context/ThemeContext.tsx Could not Fast Refresh ("default" export is incompatible). Learn more at https://github.com/vitejs/vite-plugin-react/tree/main/packages/plugin-react#consistent-components-exports
3:40:03 PM [vite] page reload src/context/ThemeContext.tsx
3:40:03 PM [vite] hmr invalidate /src/context/ThemeContext.tsx Could not Fast Refresh ("default" export is incompatible). Learn more at https://github.com/vitejs/vite-plugin-react/tree/main/packages/plugin-react#consistent-components-exports
3:40:03 PM [vite] page reload src/context/ThemeContext.tsx
3:40:07 PM [vite] hmr update /src/context/ThemeContext.tsx, /src/index.css
3:40:07 PM [vite] hmr invalidate /src/context/ThemeContext.tsx Could not Fast Refresh ("default" export is incompatible). Learn more at https://github.com/vitejs/vite-plugin-react/tree/main/packages/plugin-react#consistent-components-exports
3:40:07 PM [vite] page reload src/context/ThemeContext.tsx
3:40:07 PM [vite] hmr invalidate /src/context/ThemeContext.tsx Could not Fast Refresh ("default" export is incompatible). Learn more at https://github.com/vitejs/vite-plugin-react/tree/main/packages/plugin-react#consistent-components-exports
3:40:07 PM [vite] page reload src/context/ThemeContext.tsx
3:41:07 PM [vite] hmr update /src/context/ThemeContext.tsx, /src/index.css
3:41:07 PM [vite] hmr invalidate /src/context/ThemeContext.tsx Could not Fast Refresh ("default" export is incompatible). Learn more at https://github.com/vitejs/vite-plugin-react/tree/main/packages/plugin-react#consistent-components-exports
3:41:07 PM [vite] page reload src/context/ThemeContext.tsx
3:41:07 PM [vite] hmr invalidate /src/context/ThemeContext.tsx Could not Fast Refresh ("default" export is incompatible). Learn more at https://github.com/vitejs/vite-plugin-react/tree/main/packages/plugin-react#consistent-components-exports
3:41:07 PM [vite] page reload src/context/ThemeContext.tsx
3:41:12 PM [vite] hmr update /src/context/ThemeContext.tsx, /src/index.css
3:41:12 PM [vite] hmr invalidate /src/context/ThemeContext.tsx Could not Fast Refresh ("default" export is incompatible). Learn more at https://github.com/vitejs/vite-plugin-react/tree/main/packages/plugin-react#consistent-components-exports
3:41:12 PM [vite] page reload src/context/ThemeContext.tsx
3:41:12 PM [vite] hmr invalidate /src/context/ThemeContext.tsx Could not Fast Refresh ("default" export is incompatible). Learn more at https://github.com/vitejs/vite-plugin-react/tree/main/packages/plugin-react#consistent-components-exports
3:41:12 PM [vite] page reload src/context/ThemeContext.tsx
3:42:07 PM [vite] hmr update /src/context/ThemeContext.tsx, /src/index.css
3:42:07 PM [vite] hmr invalidate /src/context/ThemeContext.tsx Could not Fast Refresh ("default" export is incompatible). Learn more at https://github.com/vitejs/vite-plugin-react/tree/main/packages/plugin-react#consistent-components-exports
3:42:07 PM [vite] page reload src/context/ThemeContext.tsx
3:42:07 PM [vite] hmr invalidate /src/context/ThemeContext.tsx Could not Fast Refresh ("default" export is incompatible). Learn more at https://github.com/vitejs/vite-plugin-react/tree/main/packages/plugin-react#consistent-components-exports
3:42:07 PM [vite] page reload src/context/ThemeContext.tsx
3:42:09 PM [vite] hmr update /src/context/ThemeContext.tsx, /src/index.css
3:42:09 PM [vite] hmr invalidate /src/context/ThemeContext.tsx Could not Fast Refresh ("default" export is incompatible). Learn more at https://github.com/vitejs/vite-plugin-react/tree/main/packages/plugin-react#consistent-components-exports
3:42:09 PM [vite] page reload src/context/ThemeContext.tsx
3:42:09 PM [vite] hmr invalidate /src/context/ThemeContext.tsx Could not Fast Refresh ("default" export is incompatible). Learn more at https://github.com/vitejs/vite-plugin-react/tree/main/packages/plugin-react#consistent-components-exports
3:42:09 PM [vite] page reload src/context/ThemeContext.tsx
3:45:35 PM [vite] hmr update /src/pages/DashboardSimple.tsx, /src/index.css
3:45:35 PM [vite] hmr update /src/pages/TenderAnalysis.tsx, /src/index.css
3:45:35 PM [vite] hmr update /src/index.css
3:45:42 PM [vite] hmr update /src/pages/TenderAnalysis.tsx, /src/index.css
3:45:42 PM [vite] hmr update /src/pages/DashboardSimple.tsx, /src/index.css
3:45:42 PM [vite] hmr update /src/index.css
3:46:07 PM [vite] hmr update /src/pages/AntiFraud.tsx, /src/index.css
3:46:38 PM [vite] hmr update /src/pages/AnalysisHistory.tsx, /src/index.css
3:46:39 PM [vite] page reload src/pages/TendersList.tsx
3:46:44 PM [vite] hmr update /src/pages/AntiFraud.tsx, /src/index.css
3:46:44 PM [vite] hmr update /src/pages/AnalysisHistory.tsx, /src/index.css
3:46:44 PM [vite] page reload src/pages/TendersList.tsx
3:46:52 PM [vite] hmr update /src/pages/Settings.tsx, /src/index.css
3:46:53 PM [vite] hmr update /src/pages/Settings.tsx, /src/index.css
3:48:03 PM [vite] hmr update /src/context/ThemeContext.tsx, /src/index.css
3:48:03 PM [vite] hmr invalidate /src/context/ThemeContext.tsx Could not Fast Refresh ("default" export is incompatible). Learn more at https://github.com/vitejs/vite-plugin-react/tree/main/packages/plugin-react#consistent-components-exports
3:48:03 PM [vite] page reload src/context/ThemeContext.tsx
3:48:03 PM [vite] hmr invalidate /src/context/ThemeContext.tsx Could not Fast Refresh ("default" export is incompatible). Learn more at https://github.com/vitejs/vite-plugin-react/tree/main/packages/plugin-react#consistent-components-exports
3:48:03 PM [vite] page reload src/context/ThemeContext.tsx
3:48:27 PM [vite] hmr update /src/context/ThemeContext.tsx, /src/index.css
3:48:27 PM [vite] hmr invalidate /src/context/ThemeContext.tsx Could not Fast Refresh ("default" export is incompatible). Learn more at https://github.com/vitejs/vite-plugin-react/tree/main/packages/plugin-react#consistent-components-exports
3:48:27 PM [vite] page reload src/context/ThemeContext.tsx
3:48:27 PM [vite] hmr invalidate /src/context/ThemeContext.tsx Could not Fast Refresh ("default" export is incompatible). Learn more at https://github.com/vitejs/vite-plugin-react/tree/main/packages/plugin-react#consistent-components-exports
3:48:27 PM [vite] page reload src/context/ThemeContext.tsx
3:49:06 PM [vite] hmr update /src/context/ThemeContext.tsx, /src/index.css
3:49:06 PM [vite] hmr invalidate /src/context/ThemeContext.tsx Could not Fast Refresh ("default" export is incompatible). Learn more at https://github.com/vitejs/vite-plugin-react/tree/main/packages/plugin-react#consistent-components-exports
3:49:06 PM [vite] page reload src/context/ThemeContext.tsx
3:49:06 PM [vite] hmr invalidate /src/context/ThemeContext.tsx Could not Fast Refresh ("default" export is incompatible). Learn more at https://github.com/vitejs/vite-plugin-react/tree/main/packages/plugin-react#consistent-components-exports
3:49:06 PM [vite] page reload src/context/ThemeContext.tsx
3:49:09 PM [vite] hmr update /src/pages/Login.tsx, /src/index.css
3:49:46 PM [vite] hmr update /src/pages/Login.tsx, /src/index.css
4:07:24 PM [vite] hmr update /src/components/Layout.tsx, /src/index.css
4:07:35 PM [vite] hmr update /src/pages/Login.tsx, /src/index.css
4:07:36 PM [vite] hmr update /src/components/Layout.tsx, /src/index.css
4:07:36 PM [vite] hmr update /src/pages/Login.tsx, /src/index.css
4:08:44 PM [vite] hmr update /src/components/Layout.tsx, /src/index.css
4:08:44 PM [vite] hmr update /src/pages/Login.tsx, /src/index.css
4:08:55 PM [vite] hmr update /src/components/Layout.tsx, /src/index.css
4:08:55 PM [vite] hmr update /src/pages/Login.tsx, /src/index.css
4:09:49 PM [vite] hmr update /src/components/Layout.tsx, /src/index.css
4:09:49 PM [vite] hmr update /src/pages/Login.tsx, /src/index.css
4:09:53 PM [vite] hmr update /src/components/Layout.tsx, /src/index.css
4:09:53 PM [vite] hmr update /src/pages/Login.tsx, /src/index.css
4:10:32 PM [vite] hmr update /src/components/Layout.tsx, /src/index.css
4:10:32 PM [vite] hmr update /src/pages/Login.tsx, /src/index.css
4:10:33 PM [vite] hmr update /src/components/Layout.tsx, /src/index.css
4:10:33 PM [vite] hmr update /src/pages/Login.tsx, /src/index.css
4:11:40 PM [vite] hmr update /src/components/Layout.tsx, /src/index.css
4:11:52 PM [vite] hmr update /src/components/Layout.tsx, /src/index.css
4:17:54 PM [vite] hmr update /src/components/Layout.tsx, /src/index.css
4:22:58 PM [vite] hmr update /src/components/Layout.tsx, /src/index.css
